<?xml version="1.0" encoding="UTF-8"?>
<!-- Generated by org.testng.reporters.JUnitXMLReporter -->
<testsuite ignored="0" hostname="DESKTOP-LRGKF4F" failures="0" tests="9" name="Regression1" time="81.903" errors="0" timestamp="2022-10-14T16:01:09 CEST">
  <testcase classname="tests.TestContactUs" name="testContactUs" time="3.405"/>
  <testcase classname="tests.TestHomePage" name="addToShoping" time="4.94"/>
  <testcase classname="tests.TestIncorrectPasswords" name="testInvalidLogin" time="4.41"/>
  <testcase classname="tests.TestIncorrectPasswords" name="testInvalidLogin" time="4.444"/>
  <testcase classname="tests.TestIncorrectPasswords" name="testInvalidLogin" time="4.515"/>
  <testcase classname="tests.TestIncorrectPasswords" name="testInvalidLogin" time="4.632"/>
  <testcase classname="tests.TestIncorrectPasswords" name="testInvalidLogin" time="3.827"/>
  <testcase classname="tests.TestLogOut" name="testLoginLogOut" time="5.836"/>
  <testcase classname="tests.TestSignUp" name="testSingUp" time="10.055"/>
</testsuite> <!-- Regression1 -->
